<?xml version="1.0" encoding="UTF-8"?>
<!-- Generated by org.testng.reporters.JUnitXMLReporter -->
<testsuite hostname="Malalais-MacBook-Air.local" ignored="0" name="Default test(failed)" tests="1" failures="1" timestamp="14 Feb 2020 21:41:52 GMT" time="0.051" errors="0">
  <testcase name="login" time="0.0" classname="tests.TestNGParameters">
    <failure type="org.testng.TestNGException" message="
Parameter &amp;apos;userName&amp;apos; is required by @Test on method login but has not been marked @Optional or defined
in /Users/malalaifarivar/Downloads/TestNG/TestNG/test-output/testng-failed.xml">
      <![CDATA[org.testng.TestNGException: 
Parameter 'userName' is required by @Test on method login but has not been marked @Optional or defined
in /Users/malalaifarivar/Downloads/TestNG/TestNG/test-output/testng-failed.xml
... Removed 24 stack frames]]>
    </failure>
  </testcase> <!-- login -->
</testsuite> <!-- Default test(failed) -->
